Using pre-set license
Built from '2020.3/staging' branch; Version is '2020.3.10f1 (297d780c91bc) revision 2719096'; Using compiler version '192528614'; Build Type 'Release'
OS: 'Windows 10 Home; OS build 19042.1526; Version 2009; 64bit' Language: 'ko' Physical Memory: 8097 MB
BatchMode: 1, IsHumanControllingUs: 0, StartBugReporterOnCrash: 0, Is64bit: 1, IsPro: 0

 COMMAND LINE ARGUMENTS:
C:\Program Files\Unity\Hub\Editor\2020.3.10f1\Editor\Unity.exe
-adb2
-batchMode
-noUpm
-name
AssetImportWorker0
-projectPath
D:/momenting/MomentingDevelop
-logFile
Logs/AssetImportWorker0.log
-srvPort
55785
Successfully changed project path to: D:/momenting/MomentingDevelop
D:/momenting/MomentingDevelop
Using Asset Import Pipeline V2.
Refreshing native plugins compatible for Editor in 104.33 ms, found 3 plugins.
Preloading 0 native plugins for Editor in 0.00 ms.
Initialize engine version: 2020.3.10f1 (297d780c91bc)
[Subsystems] Discovering subsystems at path C:/Program Files/Unity/Hub/Editor/2020.3.10f1/Editor/Data/Resources/UnitySubsystems
[Subsystems] Discovering subsystems at path D:/momenting/MomentingDevelop/Assets
GfxDevice: creating device client; threaded=0
Direct3D:
    Version:  Direct3D 11.0 [level 11.1]
    Renderer: Intel(R) HD Graphics 5500 (ID=0x1616)
    Vendor:   
    VRAM:     4048 MB
    Driver:   20.19.15.4352
Initialize mono
Mono path[0] = 'C:/Program Files/Unity/Hub/Editor/2020.3.10f1/Editor/Data/Managed'
Mono path[1] = 'C:/Program Files/Unity/Hub/Editor/2020.3.10f1/Editor/Data/MonoBleedingEdge/lib/mono/unityjit'
Mono config path = 'C:/Program Files/Unity/Hub/Editor/2020.3.10f1/Editor/Data/MonoBleedingEdge/etc'
Using monoOptions --debugger-agent=transport=dt_socket,embedding=1,server=y,suspend=n,address=127.0.0.1:56360
Begin MonoManager ReloadAssembly
Registering precompiled unity dll's ...
Register platform support module: C:/Program Files/Unity/Hub/Editor/2020.3.10f1/Editor/Data/PlaybackEngines/WindowsStandaloneSupport/UnityEditor.WindowsStandalone.Extensions.dll
Registered in 0.004318 seconds.
Native extension for WindowsStandalone target not found
Refreshing native plugins compatible for Editor in 69.01 ms, found 3 plugins.
Preloading 0 native plugins for Editor in 0.00 ms.
Mono: successfully reloaded assembly
- Completed reload, in  5.050 seconds
Platform modules already initialized, skipping
Registering precompiled user dll's ...
Registered in 0.009523 seconds.
Begin MonoManager ReloadAssembly
Native extension for WindowsStandalone target not found
Refreshing native plugins compatible for Editor in 80.77 ms, found 3 plugins.
Preloading 0 native plugins for Editor in 0.00 ms.
Mono: successfully reloaded assembly
- Completed reload, in  2.986 seconds
Platform modules already initialized, skipping
========================================================================
Worker process is ready to serve import requests
Launched and connected shader compiler UnityShaderCompiler.exe after 0.12 seconds
Refreshing native plugins compatible for Editor in 1.07 ms, found 3 plugins.
Preloading 0 native plugins for Editor in 0.00 ms.
Unloading 2082 Unused Serialized files (Serialized files now loaded: 0)
System memory in use before: 92.9 MB.
System memory in use after: 92.8 MB.

Unloading 33 unused Assets to reduce memory usage. Loaded Objects now: 2515.
Total: 3.374600 ms (FindLiveObjects: 0.363000 ms CreateObjectMapping: 0.202000 ms MarkObjects: 2.618400 ms  DeleteObjects: 0.188600 ms)

========================================================================
Received Import Request.
  path: Assets/Script/csvReaderChatRoomNameB.cs
  artifactKey: Guid(1fe4bd236d2538d4db45e199923ed160) Importer(815301076,1909f56bfc062723c751e8b465ee728b)
Start importing Assets/Script/csvReaderChatRoomNameB.cs using Guid(1fe4bd236d2538d4db45e199923ed160) Importer(815301076,1909f56bfc062723c751e8b465ee728b)  -> (artifact id: 'dbda9cda39b2b15896b87486d2b4c612') in 0.067769 seconds
  Import took 0.078764 seconds .

========================================================================
Received Import Request.
  Time since last request: 170.446358 seconds.
  path: Assets/Resources/Momenting_Text_Asset - CahtRoomName.csv
  artifactKey: Guid(b9a596dba871a6947a1e96e4e9a495be) Importer(815301076,1909f56bfc062723c751e8b465ee728b)
Start importing Assets/Resources/Momenting_Text_Asset - CahtRoomName.csv using Guid(b9a596dba871a6947a1e96e4e9a495be) Importer(815301076,1909f56bfc062723c751e8b465ee728b)  -> (artifact id: '0ad53e1b1aaadcf192e0739cd8df776b') in 0.059442 seconds
  Import took 0.070560 seconds .

========================================================================
Received Import Request.
  Time since last request: 22.866740 seconds.
  path: Assets/Resources/Momenting_Text_Asset - CahtRoomName.csv
  artifactKey: Guid(b9a596dba871a6947a1e96e4e9a495be) Importer(815301076,1909f56bfc062723c751e8b465ee728b)
Start importing Assets/Resources/Momenting_Text_Asset - CahtRoomName.csv using Guid(b9a596dba871a6947a1e96e4e9a495be) Importer(815301076,1909f56bfc062723c751e8b465ee728b)  -> (artifact id: 'e856de4172eb05040a18339fd7bf889d') in 0.008252 seconds
  Import took 0.097959 seconds .

========================================================================
Received Import Request.
  Time since last request: 7.138368 seconds.
  path: Assets/Script/csvReaderChatRoomName.cs
  artifactKey: Guid(89dfb341c8d0c8b4f820c57b7d118d84) Importer(815301076,1909f56bfc062723c751e8b465ee728b)
Start importing Assets/Script/csvReaderChatRoomName.cs using Guid(89dfb341c8d0c8b4f820c57b7d118d84) Importer(815301076,1909f56bfc062723c751e8b465ee728b)  -> (artifact id: '978b82dc725bb85bffb635d84d2179e3') in 0.020825 seconds
  Import took 0.029567 seconds .

========================================================================
Received Import Request.
  Time since last request: 0.007837 seconds.
  path: Assets/Script/csvReaderChatRoomName.cs
  artifactKey: Guid(89dfb341c8d0c8b4f820c57b7d118d84) Importer(815301076,1909f56bfc062723c751e8b465ee728b)
Start importing Assets/Script/csvReaderChatRoomName.cs using Guid(89dfb341c8d0c8b4f820c57b7d118d84) Importer(815301076,1909f56bfc062723c751e8b465ee728b)  -> (artifact id: '978b82dc725bb85bffb635d84d2179e3') in 0.003754 seconds
  Import took 0.013242 seconds .

========================================================================
Received Prepare
Registering precompiled user dll's ...
Registered in 0.010847 seconds.
Begin MonoManager ReloadAssembly
Native extension for WindowsStandalone target not found
Refreshing native plugins compatible for Editor in 1.02 ms, found 3 plugins.
Preloading 0 native plugins for Editor in 0.00 ms.
Mono: successfully reloaded assembly
- Completed reload, in  2.202 seconds
Platform modules already initialized, skipping
Refreshing native plugins compatible for Editor in 1.15 ms, found 3 plugins.
Preloading 0 native plugins for Editor in 0.00 ms.
Unloading 2076 Unused Serialized files (Serialized files now loaded: 0)
System memory in use before: 92.8 MB.
System memory in use after: 92.8 MB.

Unloading 22 unused Assets to reduce memory usage. Loaded Objects now: 2518.
Total: 3.118800 ms (FindLiveObjects: 0.317300 ms CreateObjectMapping: 0.112200 ms MarkObjects: 2.532900 ms  DeleteObjects: 0.154200 ms)

========================================================================
Received Prepare
Registering precompiled user dll's ...
Registered in 0.004564 seconds.
Begin MonoManager ReloadAssembly
Native extension for WindowsStandalone target not found
Refreshing native plugins compatible for Editor in 0.83 ms, found 3 plugins.
Preloading 0 native plugins for Editor in 0.00 ms.
Mono: successfully reloaded assembly
- Completed reload, in  2.392 seconds
Platform modules already initialized, skipping
Refreshing native plugins compatible for Editor in 1.30 ms, found 3 plugins.
Preloading 0 native plugins for Editor in 0.00 ms.
Unloading 2076 Unused Serialized files (Serialized files now loaded: 0)
System memory in use before: 92.9 MB.
System memory in use after: 92.9 MB.

Unloading 21 unused Assets to reduce memory usage. Loaded Objects now: 2522.
Total: 8.290100 ms (FindLiveObjects: 0.392700 ms CreateObjectMapping: 0.410800 ms MarkObjects: 7.150400 ms  DeleteObjects: 0.332800 ms)

========================================================================
Received Prepare
Registering precompiled user dll's ...
Registered in 0.003890 seconds.
Begin MonoManager ReloadAssembly
Native extension for WindowsStandalone target not found
Refreshing native plugins compatible for Editor in 0.92 ms, found 3 plugins.
Preloading 0 native plugins for Editor in 0.00 ms.
Mono: successfully reloaded assembly
- Completed reload, in  5.352 seconds
Platform modules already initialized, skipping
Refreshing native plugins compatible for Editor in 1.12 ms, found 3 plugins.
Preloading 0 native plugins for Editor in 0.00 ms.
Unloading 2076 Unused Serialized files (Serialized files now loaded: 0)
System memory in use before: 92.9 MB.
System memory in use after: 92.9 MB.

Unloading 21 unused Assets to reduce memory usage. Loaded Objects now: 2526.
Total: 8.700400 ms (FindLiveObjects: 3.139700 ms CreateObjectMapping: 0.282100 ms MarkObjects: 5.104600 ms  DeleteObjects: 0.170800 ms)

========================================================================
Received Import Request.
  Time since last request: 225.724388 seconds.
  path: Assets/Script/csvReaderChatRoomName.cs
  artifactKey: Guid(89dfb341c8d0c8b4f820c57b7d118d84) Importer(815301076,1909f56bfc062723c751e8b465ee728b)
Start importing Assets/Script/csvReaderChatRoomName.cs using Guid(89dfb341c8d0c8b4f820c57b7d118d84) Importer(815301076,1909f56bfc062723c751e8b465ee728b)  -> (artifact id: '4cc4680cdc31b5183f4e64f66fc8660d') in 0.009839 seconds
  Import took 0.017694 seconds .

========================================================================
Received Import Request.
  Time since last request: 0.002515 seconds.
  path: Assets/Script/csvReaderChatRoomName.cs
  artifactKey: Guid(89dfb341c8d0c8b4f820c57b7d118d84) Importer(815301076,1909f56bfc062723c751e8b465ee728b)
Start importing Assets/Script/csvReaderChatRoomName.cs using Guid(89dfb341c8d0c8b4f820c57b7d118d84) Importer(815301076,1909f56bfc062723c751e8b465ee728b)  -> (artifact id: '4cc4680cdc31b5183f4e64f66fc8660d') in 0.008573 seconds
  Import took 0.016446 seconds .

========================================================================
Received Prepare
Registering precompiled user dll's ...
Registered in 0.010719 seconds.
Begin MonoManager ReloadAssembly
Native extension for WindowsStandalone target not found
Refreshing native plugins compatible for Editor in 1.00 ms, found 3 plugins.
Preloading 0 native plugins for Editor in 0.00 ms.
Mono: successfully reloaded assembly
- Completed reload, in  7.279 seconds
Platform modules already initialized, skipping
Refreshing native plugins compatible for Editor in 1.54 ms, found 3 plugins.
Preloading 0 native plugins for Editor in 0.00 ms.
Unloading 2076 Unused Serialized files (Serialized files now loaded: 0)
System memory in use before: 92.9 MB.
System memory in use after: 92.9 MB.

Unloading 21 unused Assets to reduce memory usage. Loaded Objects now: 2530.
Total: 4.960200 ms (FindLiveObjects: 0.315400 ms CreateObjectMapping: 0.138400 ms MarkObjects: 4.277600 ms  DeleteObjects: 0.226100 ms)

========================================================================
Received Import Request.
  Time since last request: 289.271512 seconds.
  path: Assets/Resources/Momenting_Text_Asset - CahtRoomName (1).csv
  artifactKey: Guid(4062b39c5db7831448c220af7238dfa3) Importer(815301076,1909f56bfc062723c751e8b465ee728b)
Start importing Assets/Resources/Momenting_Text_Asset - CahtRoomName (1).csv using Guid(4062b39c5db7831448c220af7238dfa3) Importer(815301076,1909f56bfc062723c751e8b465ee728b)  -> (artifact id: 'fc9efa80d0ea1268aaf4122d55c6838c') in 0.062352 seconds
  Import took 0.070041 seconds .

========================================================================
Received Prepare
Registering precompiled user dll's ...
Registered in 0.008644 seconds.
Begin MonoManager ReloadAssembly
Native extension for WindowsStandalone target not found
Refreshing native plugins compatible for Editor in 0.68 ms, found 3 plugins.
Preloading 0 native plugins for Editor in 0.00 ms.
Mono: successfully reloaded assembly
- Completed reload, in  2.243 seconds
Platform modules already initialized, skipping
Refreshing native plugins compatible for Editor in 1.39 ms, found 3 plugins.
Preloading 0 native plugins for Editor in 0.00 ms.
Unloading 2076 Unused Serialized files (Serialized files now loaded: 0)
System memory in use before: 92.9 MB.
System memory in use after: 92.9 MB.

Unloading 21 unused Assets to reduce memory usage. Loaded Objects now: 2534.
Total: 4.975900 ms (FindLiveObjects: 0.226400 ms CreateObjectMapping: 0.095500 ms MarkObjects: 4.226600 ms  DeleteObjects: 0.424600 ms)

========================================================================
Received Prepare
Registering precompiled user dll's ...
Registered in 0.016259 seconds.
Begin MonoManager ReloadAssembly
Native extension for WindowsStandalone target not found
Refreshing native plugins compatible for Editor in 0.66 ms, found 3 plugins.
Preloading 0 native plugins for Editor in 0.00 ms.
Mono: successfully reloaded assembly
- Completed reload, in  2.331 seconds
Platform modules already initialized, skipping
Refreshing native plugins compatible for Editor in 1.09 ms, found 3 plugins.
Preloading 0 native plugins for Editor in 0.00 ms.
Unloading 2076 Unused Serialized files (Serialized files now loaded: 0)
System memory in use before: 92.9 MB.
System memory in use after: 92.9 MB.

Unloading 21 unused Assets to reduce memory usage. Loaded Objects now: 2538.
Total: 2.803000 ms (FindLiveObjects: 0.249100 ms CreateObjectMapping: 0.105900 ms MarkObjects: 2.305900 ms  DeleteObjects: 0.140700 ms)

========================================================================
Received Prepare
Registering precompiled user dll's ...
Registered in 0.007739 seconds.
Begin MonoManager ReloadAssembly
Native extension for WindowsStandalone target not found
Refreshing native plugins compatible for Editor in 0.64 ms, found 3 plugins.
Preloading 0 native plugins for Editor in 0.00 ms.
Mono: successfully reloaded assembly
- Completed reload, in  2.852 seconds
Platform modules already initialized, skipping
Refreshing native plugins compatible for Editor in 2.20 ms, found 3 plugins.
Preloading 0 native plugins for Editor in 0.00 ms.
Unloading 2078 Unused Serialized files (Serialized files now loaded: 0)
System memory in use before: 93.0 MB.
System memory in use after: 93.0 MB.

Unloading 21 unused Assets to reduce memory usage. Loaded Objects now: 2544.
Total: 6.344000 ms (FindLiveObjects: 0.705300 ms CreateObjectMapping: 0.558800 ms MarkObjects: 4.856200 ms  DeleteObjects: 0.221200 ms)

AssetImportWorkerClient::OnTransportError - code=2 error=End of file
